{
  "RSpec": {
    "coverage": {
      "/Users/briandquinn/Development/hub_samples/lib/hub/samples.rb": [
        1,
        1,
        null,
        1,
        null,
        null,
        1,
        1
      ],
      "/Users/briandquinn/Development/hub_samples/lib/hub/samples/base.rb": [
        1,
        1,
        1,
        1,
        7,
        6,
        null,
        1,
        null,
        null,
        7,
        5,
        null,
        null,
        7,
        null,
        null,
        1,
        8,
        null,
        4,
        null,
        4,
        4,
        null,
        null,
        1,
        1,
        1,
        null,
        1,
        null,
        1,
        1,
        1,
        null,
        1,
        null,
        1,
        null,
        1,
        null,
        1,
        null,
        null,
        null,
        1,
        8,
        null,
        null,
        1,
        10,
        null,
        1,
        null,
        null,
        1,
        2,
        null,
        null,
        null,
        null
      ],
      "/Users/briandquinn/Development/hub_samples/lib/hub/samples/order.rb": [
        1,
        1,
        1,
        2,
        null,
        null,
        1,
        null,
        null,
        null,
        1,
        null,
        null,
        null
      ]
    },
    "timestamp": 1392118261
  }
}
